[2025-07-15 11:22:13,255] ERROR - Failed to load the DataFrame.
Traceback (most recent call last):
  File "C:\Users\DELL\anaconda3\envs\health_chatbot\lib\site-packages\pandas\compat\_optional.py", line 135, in import_optional_dependency
    module = importlib.import_module(name)
  File "C:\Users\DELL\anaconda3\envs\health_chatbot\lib\importlib\__init__.py", line 126, in import_module
    return _bootstrap._gcd_import(name[level:], package, level)
  File "<frozen importlib._bootstrap>", line 1050, in _gcd_import
  File "<frozen importlib._bootstrap>", line 1027, in _find_and_load
  File "<frozen importlib._bootstrap>", line 1004, in _find_and_load_unlocked
ModuleNotFoundError: No module named 'openpyxl'

During handling of the above exception, another exception occurred:

Traceback (most recent call last):
  File "C:\Users\DELL\Desktop\mental_health_bot\modules\dialect_handling.py", line 9, in __init__
    self.df = pd.read_excel(file_path, header=None)
  File "C:\Users\DELL\anaconda3\envs\health_chatbot\lib\site-packages\pandas\io\excel\_base.py", line 495, in read_excel
    io = ExcelFile(
  File "C:\Users\DELL\anaconda3\envs\health_chatbot\lib\site-packages\pandas\io\excel\_base.py", line 1567, in __init__
    self._reader = self._engines[engine](
  File "C:\Users\DELL\anaconda3\envs\health_chatbot\lib\site-packages\pandas\io\excel\_openpyxl.py", line 552, in __init__
    import_optional_dependency("openpyxl")
  File "C:\Users\DELL\anaconda3\envs\health_chatbot\lib\site-packages\pandas\compat\_optional.py", line 138, in import_optional_dependency
    raise ImportError(msg)
ImportError: Missing optional dependency 'openpyxl'.  Use pip or conda to install openpyxl.
